<?xml version="1.0" encoding="UTF-8"?>
<!-- Generated by org.testng.reporters.JUnitReportReporter -->
<testsuite skipped="0" hostname="Mirs-MBP-2.lan" name="com.runner.MyRunner" tests="3" failures="0" timestamp="29 Sep 2022 08:26:01 GMT" time="15.199" errors="0">
  <testcase name="feature" time="4.298" classname="com.runner.MyRunner"/>
  <testcase name="feature" time="2.458" classname="com.runner.MyRunner"/>
  <testcase name="feature" time="8.443" classname="com.runner.MyRunner"/>
</testsuite> <!-- com.runner.MyRunner -->
